[debug] [2018-10-09T05:08:13.300Z] ----------------------------------------------------------------------
[debug] [2018-10-09T05:08:13.302Z] Command:       C:\Program Files\nodejs\node.exe C:\Users\Music\AppData\Roaming\npm\node_modules\firebase-tools\bin\firebase deploy
[debug] [2018-10-09T05:08:13.303Z] CLI Version:   3.18.4
[debug] [2018-10-09T05:08:13.303Z] Platform:      win32
[debug] [2018-10-09T05:08:13.303Z] Node Version:  v10.0.0
[debug] [2018-10-09T05:08:13.303Z] Time:          Tue Oct 09 2018 06:08:13 GMT+0100 (GMT Summer Time)
[debug] [2018-10-09T05:08:13.303Z] ----------------------------------------------------------------------
[debug] 
[debug] [2018-10-09T05:08:13.311Z] > command requires scopes: ["email","openid","https://www.googleapis.com/auth/cloudplatformprojects.readonly","https://www.googleapis.com/auth/firebase","https://www.googleapis.com/auth/cloud-platform"]
[debug] [2018-10-09T05:08:13.312Z] > authorizing via signed-in user
[debug] [2018-10-09T05:08:13.313Z] >>> HTTP REQUEST GET https://admin.firebase.com/v1/projects/david-scott-e-portfolio  
  
 Tue Oct 09 2018 06:08:13 GMT+0100 (GMT Summer Time)
[debug] [2018-10-09T05:08:14.293Z] <<< HTTP RESPONSE 200
[debug] [2018-10-09T05:08:14.293Z] >>> HTTP REQUEST GET https://admin.firebase.com/v1/database/david-scott-e-portfolio/tokens  
  
 Tue Oct 09 2018 06:08:14 GMT+0100 (GMT Summer Time)
[debug] [2018-10-09T05:08:14.951Z] <<< HTTP RESPONSE 200
[info] 
[info] === Deploying to 'david-scott-e-portfolio'...
[info] 
[info] i  deploying hosting
[info] i  hosting: preparing David-Scott-E-Portfolio directory for upload...
[debug] [2018-10-09T05:08:16.587Z] >>> HTTP REQUEST PUT https://deploy.firebase.com/v1/hosting/david-scott-e-portfolio/uploads/-LOMDRBUViruPsvJyL4c?fileCount=153&message=  
  
 Tue Oct 09 2018 06:08:16 GMT+0100 (GMT Summer Time)
[debug] [2018-10-09T05:08:31.781Z] <<< HTTP RESPONSE 200
[debug] [2018-10-09T05:08:31.782Z] [hosting] .tgz uploaded successfully, waiting for extraction
